<?xml version="1.0" encoding="UTF-8"?>
<!-- Generated by org.testng.reporters.JUnitXMLReporter -->
<testsuite hostname="EPRURYAW0052" ignored="0" name="ChromeTest" tests="5" failures="0" timestamp="15 Aug 2017 13:20:26 GMT" time="27.219" errors="0">
  <testcase name="testLogin" time="6.01" classname="com.epam.pavel_loginov.patterns.tests.TestClass"/>
  <testcase name="draftTest" time="6.487" classname="com.epam.pavel_loginov.patterns.tests.TestClass"/>
  <testcase name="contentTest" time="1.672" classname="com.epam.pavel_loginov.patterns.tests.TestClass"/>
  <testcase name="sendLetterTest" time="3.21" classname="com.epam.pavel_loginov.patterns.tests.TestClass"/>
  <testcase name="isLetterSent" time="2.749" classname="com.epam.pavel_loginov.patterns.tests.TestClass"/>
</testsuite> <!-- ChromeTest -->
