<?xml version="1.0" encoding="UTF-8"?>
<!-- Generated by org.testng.reporters.JUnitXMLReporter -->
<testsuite hostname="EPRURYAW0052" ignored="0" name="ChromeTest" tests="5" failures="0" timestamp="21 Aug 2017 12:40:16 GMT" time="26.872" errors="0">
  <testcase name="testLogin" time="6.648" classname="com.epam.pavel_loginov.patterns.tests.TestClass"/>
  <testcase name="draftTest" time="6.349" classname="com.epam.pavel_loginov.patterns.tests.TestClass"/>
  <testcase name="contentTest" time="2.021" classname="com.epam.pavel_loginov.patterns.tests.TestClass"/>
  <testcase name="sendLetterTest" time="3.44" classname="com.epam.pavel_loginov.patterns.tests.TestClass"/>
  <testcase name="isLetterSent" time="2.56" classname="com.epam.pavel_loginov.patterns.tests.TestClass"/>
</testsuite> <!-- ChromeTest -->
