<?xml version="1.0" encoding="UTF-8"?>
<!-- Generated by org.testng.reporters.JUnitXMLReporter -->
<testsuite hostname="EPRURYAW0052" ignored="0" name="FirefoxTest" tests="5" failures="1" timestamp="21 Aug 2017 12:40:31 GMT" time="15.012" errors="0">
  <testcase name="@AfterClass tearDown" time="1.333" classname="com.epam.pavel_loginov.patterns.tests.TestClass">
    <failure type="org.openqa.selenium.WebDriverException" message="Error communicating with the remote browser. It may have died.
Build info: version: &amp;apos;2.53.1&amp;apos;, revision: &amp;apos;a36b8b1&amp;apos;, time: &amp;apos;2016-06-30 17:37:03&amp;apos;
System info: host: &amp;apos;EPRURYAW0052&amp;apos;, ip: &amp;apos;10.19.13.122&amp;apos;, os.name: &amp;apos;Windows 10&amp;apos;, os.arch: &amp;apos;amd64&amp;apos;, os.version: &amp;apos;10.0&amp;apos;, java.version: &amp;apos;1.8.0_112&amp;apos;
Driver info: driver.version: EventFiringWebDriver
Capabilities [{applicationCacheEnabled=true, rotatable=false, handlesAlerts=true, databaseEnabled=true, version=45.0, platform=WINDOWS, nativeEvents=false, acceptSslCerts=true, webStorageEnabled=true, locationContextEnabled=true, browserName=firefox, takesScreenshot=true, javascriptEnabled=true, cssSelectorsEnabled=true}]
Session ID: 41ef9677-2a93-46ef-b276-d9eac2b6357d
Command duration or timeout: 1.33 seconds
Build info: version: &amp;apos;2.53.1&amp;apos;, revision: &amp;apos;a36b8b1&amp;apos;, time: &amp;apos;2016-06-30 17:32:46&amp;apos;
System info: host: &amp;apos;EPRURYAW0052&amp;apos;, ip: &amp;apos;10.19.13.122&amp;apos;, os.name: &amp;apos;Windows 10&amp;apos;, os.arch: &amp;apos;amd64&amp;apos;, os.version: &amp;apos;10.0&amp;apos;, java.version: &amp;apos;1.8.0_112&amp;apos;
Driver info: org.openqa.selenium.remote.RemoteWebDriver
Capabilities [{applicationCacheEnabled=true, rotatable=false, handlesAlerts=true, databaseEnabled=true, version=45.0, platform=WINDOWS, nativeEvents=false, acceptSslCerts=true, webdriver.remote.sessionid=9f368700-1207-4e19-bc90-19bbce726df6, webStorageEnabled=true, locationContextEnabled=true, browserName=firefox, takesScreenshot=true, javascriptEnabled=true, cssSelectorsEnabled=true}]
Session ID: 9f368700-1207-4e19-bc90-19bbce726df6
*** Element info: {Using=xpath, value=//span[text() =  &amp;apos;Черновики&amp;apos;]}">
      <![CDATA[org.openqa.selenium.WebDriverException: Error communicating with the remote browser. It may have died.
Build info: version: '2.53.1', revision: 'a36b8b1', time: '2016-06-30 17:37:03'
System info: host: 'EPRURYAW0052', ip: '10.19.13.122', os.name: 'Windows 10', os.arch: 'amd64', os.version: '10.0', java.version: '1.8.0_112'
Driver info: driver.version: EventFiringWebDriver
Capabilities [{applicationCacheEnabled=true, rotatable=false, handlesAlerts=true, databaseEnabled=true, version=45.0, platform=WINDOWS, nativeEvents=false, acceptSslCerts=true, webStorageEnabled=true, locationContextEnabled=true, browserName=firefox, takesScreenshot=true, javascriptEnabled=true, cssSelectorsEnabled=true}]
Session ID: 41ef9677-2a93-46ef-b276-d9eac2b6357d
Command duration or timeout: 1.33 seconds
Build info: version: '2.53.1', revision: 'a36b8b1', time: '2016-06-30 17:32:46'
System info: host: 'EPRURYAW0052', ip: '10.19.13.122', os.name: 'Windows 10', os.arch: 'amd64', os.version: '10.0', java.version: '1.8.0_112'
Driver info: org.openqa.selenium.remote.RemoteWebDriver
Capabilities [{applicationCacheEnabled=true, rotatable=false, handlesAlerts=true, databaseEnabled=true, version=45.0, platform=WINDOWS, nativeEvents=false, acceptSslCerts=true, webdriver.remote.sessionid=9f368700-1207-4e19-bc90-19bbce726df6, webStorageEnabled=true, locationContextEnabled=true, browserName=firefox, takesScreenshot=true, javascriptEnabled=true, cssSelectorsEnabled=true}]
Session ID: 9f368700-1207-4e19-bc90-19bbce726df6
*** Element info: {Using=xpath, value=//span[text() =  'Черновики']}
	at org.openqa.selenium.remote.ErrorHandler.createThrowable(ErrorHandler.java:206)
	at org.openqa.selenium.remote.ErrorHandler.throwIfResponseFailed(ErrorHandler.java:158)
	at org.openqa.selenium.remote.RemoteWebDriver.execute(RemoteWebDriver.java:678)
	at org.openqa.selenium.remote.RemoteWebDriver.findElement(RemoteWebDriver.java:363)
	at org.openqa.selenium.remote.RemoteWebDriver.findElementByXPath(RemoteWebDriver.java:500)
	at org.openqa.selenium.By$ByXPath.findElement(By.java:361)
	at org.openqa.selenium.remote.RemoteWebDriver.findElement(RemoteWebDriver.java:355)
	at com.epam.pavel_loginov.patterns.patterns.decorator.Decorator.findElement(Decorator.java:25)
	at org.openqa.selenium.support.pagefactory.DefaultElementLocator.findElement(DefaultElementLocator.java:69)
	at org.openqa.selenium.support.pagefactory.internal.LocatingElementHandler.invoke(LocatingElementHandler.java:38)
	at com.sun.proxy.$Proxy9.click(Unknown Source)
	at com.epam.pavel_loginov.patterns.tests.TestClass.tearDown(TestClass.java:51)
	at java.util.concurrent.FutureTask.run(FutureTask.java:266)
	at java.util.concurrent.ThreadPoolExecutor.runWorker(ThreadPoolExecutor.java:1142)
	at java.util.concurrent.ThreadPoolExecutor$Worker.run(ThreadPoolExecutor.java:617)
	at java.lang.Thread.run(Thread.java:745)
Caused by: org.openqa.selenium.remote.UnreachableBrowserException: Error communicating with the remote browser. It may have died.
Build info: version: '2.53.1', revision: 'a36b8b1', time: '2016-06-30 17:37:03'
System info: host: 'EPRURYAW0052', ip: '10.19.13.122', os.name: 'Windows 10', os.arch: 'amd64', os.version: '10.0', java.version: '1.8.0_112'
Driver info: driver.version: EventFiringWebDriver
Capabilities [{applicationCacheEnabled=true, rotatable=false, handlesAlerts=true, databaseEnabled=true, version=45.0, platform=WINDOWS, nativeEvents=false, acceptSslCerts=true, webStorageEnabled=true, locationContextEnabled=true, browserName=firefox, takesScreenshot=true, javascriptEnabled=true, cssSelectorsEnabled=true}]
Session ID: 41ef9677-2a93-46ef-b276-d9eac2b6357d
Build info: version: '2.53.1', revision: 'a36b8b1', time: '2016-06-30 17:32:46'
System info: host: 'EPRURYAW0052', ip: '10.19.13.122', os.name: 'Windows 10', os.arch: 'amd64', os.version: '10.0', java.version: '1.8.0_112'
Driver info: driver.version: unknown
... Removed 20 stack frames]]>
    </failure>
  </testcase> <!-- @AfterClass tearDown -->
  <testcase name="testLogin" time="8.623" classname="com.epam.pavel_loginov.patterns.tests.TestClass">
    <failure type="org.openqa.selenium.WebDriverException" message="Error communicating with the remote browser. It may have died.
Build info: version: &amp;apos;2.53.1&amp;apos;, revision: &amp;apos;a36b8b1&amp;apos;, time: &amp;apos;2016-06-30 17:37:03&amp;apos;
System info: host: &amp;apos;EPRURYAW0052&amp;apos;, ip: &amp;apos;10.19.13.122&amp;apos;, os.name: &amp;apos;Windows 10&amp;apos;, os.arch: &amp;apos;amd64&amp;apos;, os.version: &amp;apos;10.0&amp;apos;, java.version: &amp;apos;1.8.0_112&amp;apos;
Driver info: driver.version: EventFiringWebDriver
Capabilities [{applicationCacheEnabled=true, rotatable=false, handlesAlerts=true, databaseEnabled=true, version=45.0, platform=WINDOWS, nativeEvents=false, acceptSslCerts=true, webStorageEnabled=true, locationContextEnabled=true, browserName=firefox, takesScreenshot=true, javascriptEnabled=true, cssSelectorsEnabled=true}]
Session ID: 41ef9677-2a93-46ef-b276-d9eac2b6357d
Command duration or timeout: 4.95 seconds
Build info: version: &amp;apos;2.53.1&amp;apos;, revision: &amp;apos;a36b8b1&amp;apos;, time: &amp;apos;2016-06-30 17:32:46&amp;apos;
System info: host: &amp;apos;EPRURYAW0052&amp;apos;, ip: &amp;apos;10.19.13.122&amp;apos;, os.name: &amp;apos;Windows 10&amp;apos;, os.arch: &amp;apos;amd64&amp;apos;, os.version: &amp;apos;10.0&amp;apos;, java.version: &amp;apos;1.8.0_112&amp;apos;
Driver info: org.openqa.selenium.remote.RemoteWebDriver
Capabilities [{applicationCacheEnabled=true, rotatable=false, handlesAlerts=true, databaseEnabled=true, version=45.0, platform=WINDOWS, nativeEvents=false, acceptSslCerts=true, webdriver.remote.sessionid=9f368700-1207-4e19-bc90-19bbce726df6, webStorageEnabled=true, locationContextEnabled=true, browserName=firefox, takesScreenshot=true, javascriptEnabled=true, cssSelectorsEnabled=true}]
Session ID: 9f368700-1207-4e19-bc90-19bbce726df6
*** Element info: {Using=id, value=PH_user-email}">
      <![CDATA[org.openqa.selenium.WebDriverException: Error communicating with the remote browser. It may have died.
Build info: version: '2.53.1', revision: 'a36b8b1', time: '2016-06-30 17:37:03'
System info: host: 'EPRURYAW0052', ip: '10.19.13.122', os.name: 'Windows 10', os.arch: 'amd64', os.version: '10.0', java.version: '1.8.0_112'
Driver info: driver.version: EventFiringWebDriver
Capabilities [{applicationCacheEnabled=true, rotatable=false, handlesAlerts=true, databaseEnabled=true, version=45.0, platform=WINDOWS, nativeEvents=false, acceptSslCerts=true, webStorageEnabled=true, locationContextEnabled=true, browserName=firefox, takesScreenshot=true, javascriptEnabled=true, cssSelectorsEnabled=true}]
Session ID: 41ef9677-2a93-46ef-b276-d9eac2b6357d
Command duration or timeout: 4.95 seconds
Build info: version: '2.53.1', revision: 'a36b8b1', time: '2016-06-30 17:32:46'
System info: host: 'EPRURYAW0052', ip: '10.19.13.122', os.name: 'Windows 10', os.arch: 'amd64', os.version: '10.0', java.version: '1.8.0_112'
Driver info: org.openqa.selenium.remote.RemoteWebDriver
Capabilities [{applicationCacheEnabled=true, rotatable=false, handlesAlerts=true, databaseEnabled=true, version=45.0, platform=WINDOWS, nativeEvents=false, acceptSslCerts=true, webdriver.remote.sessionid=9f368700-1207-4e19-bc90-19bbce726df6, webStorageEnabled=true, locationContextEnabled=true, browserName=firefox, takesScreenshot=true, javascriptEnabled=true, cssSelectorsEnabled=true}]
Session ID: 9f368700-1207-4e19-bc90-19bbce726df6
*** Element info: {Using=id, value=PH_user-email}
	at org.openqa.selenium.remote.ErrorHandler.createThrowable(ErrorHandler.java:206)
	at org.openqa.selenium.remote.ErrorHandler.throwIfResponseFailed(ErrorHandler.java:158)
	at org.openqa.selenium.remote.RemoteWebDriver.execute(RemoteWebDriver.java:678)
	at org.openqa.selenium.remote.RemoteWebDriver.findElement(RemoteWebDriver.java:363)
	at org.openqa.selenium.remote.RemoteWebDriver.findElementById(RemoteWebDriver.java:413)
	at org.openqa.selenium.By$ById.findElement(By.java:218)
	at org.openqa.selenium.remote.RemoteWebDriver.findElement(RemoteWebDriver.java:355)
	at com.epam.pavel_loginov.patterns.patterns.decorator.Decorator.findElement(Decorator.java:25)
	at org.openqa.selenium.support.ui.ExpectedConditions.findElement(ExpectedConditions.java:899)
	at org.openqa.selenium.support.ui.ExpectedConditions.access$0(ExpectedConditions.java:897)
	at org.openqa.selenium.support.ui.ExpectedConditions$7.apply(ExpectedConditions.java:205)
	at org.openqa.selenium.support.ui.ExpectedConditions$7.apply(ExpectedConditions.java:1)
	at org.openqa.selenium.support.ui.FluentWait.until(FluentWait.java:238)
	at com.epam.pavel_loginov.patterns.tests.TestClass.testLogin(TestClass.java:65)
	at java.util.concurrent.FutureTask.run(FutureTask.java:266)
	at java.util.concurrent.ThreadPoolExecutor.runWorker(ThreadPoolExecutor.java:1142)
	at java.util.concurrent.ThreadPoolExecutor$Worker.run(ThreadPoolExecutor.java:617)
	at java.lang.Thread.run(Thread.java:745)
Caused by: org.openqa.selenium.remote.UnreachableBrowserException: Error communicating with the remote browser. It may have died.
Build info: version: '2.53.1', revision: 'a36b8b1', time: '2016-06-30 17:37:03'
System info: host: 'EPRURYAW0052', ip: '10.19.13.122', os.name: 'Windows 10', os.arch: 'amd64', os.version: '10.0', java.version: '1.8.0_112'
Driver info: driver.version: EventFiringWebDriver
Capabilities [{applicationCacheEnabled=true, rotatable=false, handlesAlerts=true, databaseEnabled=true, version=45.0, platform=WINDOWS, nativeEvents=false, acceptSslCerts=true, webStorageEnabled=true, locationContextEnabled=true, browserName=firefox, takesScreenshot=true, javascriptEnabled=true, cssSelectorsEnabled=true}]
Session ID: 41ef9677-2a93-46ef-b276-d9eac2b6357d
Build info: version: '2.53.1', revision: 'a36b8b1', time: '2016-06-30 17:32:46'
System info: host: 'EPRURYAW0052', ip: '10.19.13.122', os.name: 'Windows 10', os.arch: 'amd64', os.version: '10.0', java.version: '1.8.0_112'
Driver info: driver.version: unknown
... Removed 20 stack frames]]>
    </failure>
  </testcase> <!-- testLogin -->
  <testcase name="draftTest" time="0.0" classname="com.epam.pavel_loginov.patterns.tests.TestClass">
    <skipped/>
  </testcase> <!-- draftTest -->
  <testcase name="contentTest" time="0.0" classname="com.epam.pavel_loginov.patterns.tests.TestClass">
    <skipped/>
  </testcase> <!-- contentTest -->
  <testcase name="sendLetterTest" time="0.0" classname="com.epam.pavel_loginov.patterns.tests.TestClass">
    <skipped/>
  </testcase> <!-- sendLetterTest -->
  <testcase name="isLetterSent" time="0.0" classname="com.epam.pavel_loginov.patterns.tests.TestClass">
    <skipped/>
  </testcase> <!-- isLetterSent -->
</testsuite> <!-- FirefoxTest -->
