<?xml version="1.0" encoding="UTF-8"?>
<!-- Generated by org.testng.reporters.JUnitXMLReporter -->
<testsuite hostname="EPRURYAW0052" ignored="0" name="FirefoxTest" tests="5" failures="0" timestamp="15 Aug 2017 13:21:09 GMT" time="43.049" errors="0">
  <testcase name="testLogin" time="8.042" classname="com.epam.pavel_loginov.patterns.tests.TestClass"/>
  <testcase name="draftTest" time="10.286" classname="com.epam.pavel_loginov.patterns.tests.TestClass"/>
  <testcase name="contentTest" time="3.161" classname="com.epam.pavel_loginov.patterns.tests.TestClass"/>
  <testcase name="sendLetterTest" time="7.271" classname="com.epam.pavel_loginov.patterns.tests.TestClass"/>
  <testcase name="isLetterSent" time="5.475" classname="com.epam.pavel_loginov.patterns.tests.TestClass"/>
</testsuite> <!-- FirefoxTest -->
